Copyright 1986-2020 Xilinx, Inc. All Rights Reserved.
-----------------------------------------------------------------------------------------------------------------------------------------------------------------------------------
| Tool Version : Vivado v.2020.2 (win64) Build 3064766 Wed Nov 18 09:12:45 MST 2020
| Date         : Sun Apr  7 01:13:11 2024
| Host         : MercaPC running 64-bit major release  (build 9200)
| Command      : report_methodology -file jsk_top_wrapper_methodology_drc_routed.rpt -pb jsk_top_wrapper_methodology_drc_routed.pb -rpx jsk_top_wrapper_methodology_drc_routed.rpx
| Design       : jsk_top_wrapper
| Device       : xc7a35tcpg236-1
| Speed File   : -1
| Design State : Fully Routed
-----------------------------------------------------------------------------------------------------------------------------------------------------------------------------------

Report Methodology

Table of Contents
-----------------
1. REPORT SUMMARY
2. REPORT DETAILS

1. REPORT SUMMARY
-----------------
            Netlist: netlist
          Floorplan: checkpoint_jsk_top_wrapper
      Design limits: <entire design considered>
             Max violations: <unlimited>
             Violations found: 7
+-----------+----------+-------------------------------+------------+
| Rule      | Severity | Description                   | Violations |
+-----------+----------+-------------------------------+------------+
| TIMING-18 | Warning  | Missing input or output delay | 7          |
+-----------+----------+-------------------------------+------------+

2. REPORT DETAILS
-----------------
TIMING-18#1 Warning
Missing input or output delay  
An input delay is missing on SPI_M_io0_io relative to clock(s) sys_clock
Related violations: <none>

TIMING-18#2 Warning
Missing input or output delay  
An input delay is missing on SPI_M_io1_io relative to clock(s) sys_clock
Related violations: <none>

TIMING-18#3 Warning
Missing input or output delay  
An input delay is missing on SPI_M_sck_io relative to clock(s) sys_clock
Related violations: <none>

TIMING-18#4 Warning
Missing input or output delay  
An input delay is missing on SPI_M_ss_io relative to clock(s) sys_clock
Related violations: <none>

TIMING-18#5 Warning
Missing input or output delay  
An input delay is missing on reset relative to clock(s) sys_clock
Related violations: <none>

TIMING-18#6 Warning
Missing input or output delay  
An input delay is missing on usb_uart_rxd relative to clock(s) sys_clock
Related violations: <none>

TIMING-18#7 Warning
Missing input or output delay  
An output delay is missing on usb_uart_txd relative to clock(s) sys_clock
Related violations: <none>


