#-----------------------------------------------------------
# Vivado v2020.2 (64-bit)
# SW Build 3064766 on Wed Nov 18 09:12:45 MST 2020
# IP Build 3064653 on Wed Nov 18 14:17:31 MST 2020
# Start of session at: Mon Apr 15 12:48:10 2024
# Process ID: 29960
# Current directory: K:/Z01_ArchiveProj/00_Project/03_DESD/07_LAB2/01_proj/jstkLab2
# Command line: vivado.exe -gui_launcher_event rodinguilauncherevent17312 K:\Z01_ArchiveProj\00_Project\03_DESD\07_LAB2\01_proj\jstkLab2\jstkLab2.xpr
# Log file: K:/Z01_ArchiveProj/00_Project/03_DESD/07_LAB2/01_proj/jstkLab2/vivado.log
# Journal file: K:/Z01_ArchiveProj/00_Project/03_DESD/07_LAB2/01_proj/jstkLab2\vivado.jou
#-----------------------------------------------------------
start_gui
open_project K:/Z01_ArchiveProj/00_Project/03_DESD/07_LAB2/01_proj/jstkLab2/jstkLab2.xpr
Scanning sources...
Finished scanning sources
INFO: [IP_Flow 19-234] Refreshing IP repositories
INFO: [IP_Flow 19-1700] Loaded user IP repository 'k:/Z01_ArchiveProj/00_Project/03_DESD/DOC/IP_CORE'.
INFO: [IP_Flow 19-2313] Loaded Vivado IP repository 'K:/A00_LINUX/VIVADO/xlinx202002/Vivado/2020.2/data/ip'.
open_project: Time (s): cpu = 00:00:07 ; elapsed = 00:00:10 . Memory (MB): peak = 1110.547 ; gain = 0.000
update_compile_order -fileset sources_1
open_hw_manager
connect_hw_server -allow_non_jtag
INFO: [Labtools 27-2285] Connecting to hw_server url TCP:localhost:3121
INFO: [Labtools 27-2222] Launching hw_server...
INFO: [Labtools 27-2221] Launch Output:

****** Xilinx hw_server v2020.2
  **** Build date : Nov 18 2020 at 10:01:48
    ** Copyright 1986-2020 Xilinx, Inc. All Rights Reserved.


INFO: [Labtools 27-3415] Connecting to cs_server url TCP:localhost:3042
INFO: [Labtools 27-3417] Launching cs_server...
INFO: [Labtools 27-2221] Launch Output:


******** Xilinx cs_server v2020.2
  ****** Build date   : Nov 03 2020-22:02:56
    **** Build number : 2020.2.1604437376
      ** Copyright 2017-2020 Xilinx, Inc. All Rights Reserved.



connect_hw_server: Time (s): cpu = 00:00:01 ; elapsed = 00:00:18 . Memory (MB): peak = 1110.547 ; gain = 0.000
open_hw_target
INFO: [Labtoolstcl 44-466] Opening hw_target localhost:3121/xilinx_tcf/Digilent/210183B31110A
set_property PROGRAM.FILE {K:/Z01_ArchiveProj/00_Project/03_DESD/07_LAB2/01_proj/jstkLab2/jstkLab2.runs/impl_1/jsk_top_wrapper.bit} [get_hw_devices xc7a35t_0]
current_hw_device [get_hw_devices xc7a35t_0]
refresh_hw_device -update_hw_probes false [lindex [get_hw_devices xc7a35t_0] 0]
INFO: [Labtools 27-1434] Device xc7a35t (JTAG device index = 0) is programmed with a design that has no supported debug core(s) in it.
set_property PROBES.FILE {} [get_hw_devices xc7a35t_0]
set_property FULL_PROBES.FILE {} [get_hw_devices xc7a35t_0]
set_property PROGRAM.FILE {K:/Z01_ArchiveProj/00_Project/03_DESD/07_LAB2/01_proj/jstkLab2/jstkLab2.runs/impl_1/jsk_top_wrapper.bit} [get_hw_devices xc7a35t_0]
program_hw_devices [get_hw_devices xc7a35t_0]
INFO: [Labtools 27-3164] End of startup status: HIGH
refresh_hw_device [lindex [get_hw_devices xc7a35t_0] 0]
INFO: [Labtools 27-1434] Device xc7a35t (JTAG device index = 0) is programmed with a design that has no supported debug core(s) in it.
ERROR: [Labtoolstcl 44-513] HW Target shutdown. Closing target: localhost:3121/xilinx_tcf/Digilent/210183B31110A
INFO: [Labtoolstcl 44-466] Opening hw_target localhost:3121/xilinx_tcf/Digilent/210183B31110A
INFO: [Labtools 27-1434] Device xc7a35t (JTAG device index = 0) is programmed with a design that has no supported debug core(s) in it.
WARNING: [Labtoolstcl 44-129] No matching hw_ila_data was found.
set_property PROBES.FILE {} [get_hw_devices xc7a35t_0]
set_property FULL_PROBES.FILE {} [get_hw_devices xc7a35t_0]
set_property PROGRAM.FILE {K:/Z01_ArchiveProj/00_Project/03_DESD/07_LAB2/01_proj/jstkLab2/jstkLab2.runs/impl_1/jsk_top_wrapper.bit} [get_hw_devices xc7a35t_0]
program_hw_devices [get_hw_devices xc7a35t_0]
INFO: [Labtools 27-3164] End of startup status: HIGH
refresh_hw_device [lindex [get_hw_devices xc7a35t_0] 0]
INFO: [Labtools 27-1434] Device xc7a35t (JTAG device index = 0) is programmed with a design that has no supported debug core(s) in it.
open_bd_design {K:/Z01_ArchiveProj/00_Project/03_DESD/07_LAB2/01_proj/jstkLab2/jstkLab2.srcs/sources_1/bd/jsk_top/jsk_top.bd}
Reading block design file <K:/Z01_ArchiveProj/00_Project/03_DESD/07_LAB2/01_proj/jstkLab2/jstkLab2.srcs/sources_1/bd/jsk_top/jsk_top.bd>...
Adding component instance block -- DigiLAB:ip:axi4stream_spi_master:1.0 - axi4stream_spi_master_0
Adding component instance block -- DigiLAB:ip:AXI4Stream_UART:1.1 - AXI4Stream_UART_0
Adding component instance block -- xilinx.com:ip:clk_wiz:6.0 - clk_wiz_0
Adding component instance block -- xilinx.com:ip:proc_sys_reset:5.0 - proc_sys_reset_0
Adding component instance block -- xilinx.com:module_ref:jstk_uart_bridge:1.0 - jstk_uart_bridge_0
Adding component instance block -- xilinx.com:module_ref:digilent_jstk2:1.0 - digilent_jstk2_0
Successfully read diagram <jsk_top> from block design file <K:/Z01_ArchiveProj/00_Project/03_DESD/07_LAB2/01_proj/jstkLab2/jstkLab2.srcs/sources_1/bd/jsk_top/jsk_top.bd>
open_bd_design: Time (s): cpu = 00:00:04 ; elapsed = 00:00:07 . Memory (MB): peak = 2798.727 ; gain = 126.105
ERROR: [Labtoolstcl 44-513] HW Target shutdown. Closing target: localhost:3121/xilinx_tcf/Digilent/210183B31110A
INFO: [Labtoolstcl 44-466] Opening hw_target localhost:3121/xilinx_tcf/Digilent/210183B31110A
INFO: [Labtools 27-1434] Device xc7a35t (JTAG device index = 0) is programmed with a design that has no supported debug core(s) in it.
WARNING: [Labtoolstcl 44-129] No matching hw_ila_data was found.
set_property PROBES.FILE {} [get_hw_devices xc7a35t_0]
set_property FULL_PROBES.FILE {} [get_hw_devices xc7a35t_0]
set_property PROGRAM.FILE {K:/Z01_ArchiveProj/00_Project/03_DESD/07_LAB2/01_proj/jstkLab2/jstkLab2.runs/impl_1/jsk_top_wrapper.bit} [get_hw_devices xc7a35t_0]
program_hw_devices [get_hw_devices xc7a35t_0]
INFO: [Labtools 27-3164] End of startup status: HIGH
refresh_hw_device [lindex [get_hw_devices xc7a35t_0] 0]
INFO: [Labtools 27-1434] Device xc7a35t (JTAG device index = 0) is programmed with a design that has no supported debug core(s) in it.
reset_run synth_1
launch_runs impl_1 -to_step write_bitstream -jobs 10
[Mon Apr 15 14:11:47 2024] Launched synth_1...
Run output will be captured here: K:/Z01_ArchiveProj/00_Project/03_DESD/07_LAB2/01_proj/jstkLab2/jstkLab2.runs/synth_1/runme.log
[Mon Apr 15 14:11:47 2024] Launched impl_1...
Run output will be captured here: K:/Z01_ArchiveProj/00_Project/03_DESD/07_LAB2/01_proj/jstkLab2/jstkLab2.runs/impl_1/runme.log
close_hw_manager
update_module_reference jsk_top_jstk_uart_bridge_0_0
INFO: [IP_Flow 19-5107] Inferred bus interface 'm_axis' of definition 'xilinx.com:interface:axis:1.0' (from Xilinx Repository).
INFO: [IP_Flow 19-5107] Inferred bus interface 's_axis' of definition 'xilinx.com:interface:axis:1.0' (from Xilinx Repository).
INFO: [IP_Flow 19-5107] Inferred bus interface 'aresetn' of definition 'xilinx.com:signal:reset:1.0' (from Xilinx Repository).
INFO: [IP_Flow 19-5107] Inferred bus interface 'aclk' of definition 'xilinx.com:signal:clock:1.0' (from Xilinx Repository).
INFO: [IP_Flow 19-4728] Bus Interface 'aresetn': Added interface parameter 'POLARITY' with value 'ACTIVE_LOW'.
INFO: [IP_Flow 19-4728] Bus Interface 'aclk': Added interface parameter 'ASSOCIATED_BUSIF' with value 'm_axis'.
INFO: [IP_Flow 19-4728] Bus Interface 'aclk': Added interface parameter 'ASSOCIATED_RESET' with value 'aresetn'.
INFO: [IP_Flow 19-234] Refreshing IP repositories
INFO: [IP_Flow 19-1700] Loaded user IP repository 'k:/Z01_ArchiveProj/00_Project/03_DESD/DOC/IP_CORE'.
Upgrading 'K:/Z01_ArchiveProj/00_Project/03_DESD/07_LAB2/01_proj/jstkLab2/jstkLab2.srcs/sources_1/bd/jsk_top/jsk_top.bd'
WARNING: [Vivado 12-1017] Problems encountered:
1. Failed to delete one or more files in run directory K:/Z01_ArchiveProj/00_Project/03_DESD/07_LAB2/01_proj/jstkLab2/jstkLab2.runs/jsk_top_jstk_uart_bridge_0_0_synth_1

